c:\users\luccas\source\repos\myrpglib\x64\debug\myrpglib.pdb
c:\users\luccas\source\repos\myrpglib\x64\debug\myrpglib.idb
c:\users\luccas\source\repos\myrpglib\myrpglib\x64\debug\wizard.obj
c:\users\luccas\source\repos\myrpglib\myrpglib\x64\debug\weapon.obj
c:\users\luccas\source\repos\myrpglib\myrpglib\x64\debug\warrior.obj
c:\users\luccas\source\repos\myrpglib\myrpglib\x64\debug\statblock.obj
c:\users\luccas\source\repos\myrpglib\myrpglib\x64\debug\rogue.obj
c:\users\luccas\source\repos\myrpglib\myrpglib\x64\debug\potion.obj
c:\users\luccas\source\repos\myrpglib\myrpglib\x64\debug\pointwell.obj
c:\users\luccas\source\repos\myrpglib\myrpglib\x64\debug\playercharacter.obj
c:\users\luccas\source\repos\myrpglib\myrpglib\x64\debug\item_manager.obj
c:\users\luccas\source\repos\myrpglib\myrpglib\x64\debug\item.obj
c:\users\luccas\source\repos\myrpglib\myrpglib\x64\debug\corestats.obj
c:\users\luccas\source\repos\myrpglib\myrpglib\x64\debug\cleric.obj
c:\users\luccas\source\repos\myrpglib\myrpglib\x64\debug\buff.obj
c:\users\luccas\source\repos\myrpglib\myrpglib\x64\debug\berserker.obj
c:\users\luccas\source\repos\myrpglib\myrpglib\x64\debug\armor.obj
c:\users\luccas\source\repos\myrpglib\myrpglib\x64\debug\ability.obj
c:\users\luccas\source\repos\myrpglib\myrpglib\x64\debug\random.obj
c:\users\luccas\source\repos\myrpglib\myrpglib\x64\debug\monster.obj
c:\users\luccas\source\repos\myrpglib\x64\debug\myrpglib.lib
c:\users\luccas\source\repos\myrpglib\myrpglib\x64\debug\myrpglib.tlog\cl.command.1.tlog
c:\users\luccas\source\repos\myrpglib\myrpglib\x64\debug\myrpglib.tlog\cl.items.tlog
c:\users\luccas\source\repos\myrpglib\myrpglib\x64\debug\myrpglib.tlog\cl.read.1.tlog
c:\users\luccas\source\repos\myrpglib\myrpglib\x64\debug\myrpglib.tlog\cl.write.1.tlog
c:\users\luccas\source\repos\myrpglib\myrpglib\x64\debug\myrpglib.tlog\lib-link.read.1.tlog
c:\users\luccas\source\repos\myrpglib\myrpglib\x64\debug\myrpglib.tlog\lib-link.write.1.tlog
c:\users\luccas\source\repos\myrpglib\myrpglib\x64\debug\myrpglib.tlog\lib.command.1.tlog
