c:\users\luccas\source\repos\myrpglib\rpgprototype\x64\debug\vc143.pdb
c:\users\luccas\source\repos\myrpglib\rpgprototype\x64\debug\vc143.idb
c:\users\luccas\source\repos\myrpglib\rpgprototype\x64\debug\main.obj
c:\users\luccas\source\repos\myrpglib\rpgprototype\x64\debug\rpgprototype.ilk
c:\users\luccas\source\repos\myrpglib\rpgprototype\x64\debug\pch.obj
c:\users\luccas\source\repos\myrpglib\x64\debug\rpgprototype.pdb
c:\users\luccas\source\repos\myrpglib\rpgprototype\x64\debug\rpgprototype.tlog\cl.command.1.tlog
c:\users\luccas\source\repos\myrpglib\rpgprototype\x64\debug\rpgprototype.tlog\cl.items.tlog
c:\users\luccas\source\repos\myrpglib\rpgprototype\x64\debug\rpgprototype.tlog\cl.read.1.tlog
c:\users\luccas\source\repos\myrpglib\rpgprototype\x64\debug\rpgprototype.tlog\cl.write.1.tlog
c:\users\luccas\source\repos\myrpglib\rpgprototype\x64\debug\rpgprototype.tlog\link-cvtres.read.1.tlog
c:\users\luccas\source\repos\myrpglib\rpgprototype\x64\debug\rpgprototype.tlog\link-cvtres.write.1.tlog
c:\users\luccas\source\repos\myrpglib\rpgprototype\x64\debug\rpgprototype.tlog\link-rc.read.1.tlog
c:\users\luccas\source\repos\myrpglib\rpgprototype\x64\debug\rpgprototype.tlog\link-rc.write.1.tlog
c:\users\luccas\source\repos\myrpglib\rpgprototype\x64\debug\rpgprototype.tlog\link.9992-cvtres.read.1.tlog
c:\users\luccas\source\repos\myrpglib\rpgprototype\x64\debug\rpgprototype.tlog\link.9992-cvtres.write.1.tlog
c:\users\luccas\source\repos\myrpglib\rpgprototype\x64\debug\rpgprototype.tlog\link.9992-rc.read.1.tlog
c:\users\luccas\source\repos\myrpglib\rpgprototype\x64\debug\rpgprototype.tlog\link.9992-rc.write.1.tlog
c:\users\luccas\source\repos\myrpglib\rpgprototype\x64\debug\rpgprototype.tlog\link.9992.read.1.tlog
c:\users\luccas\source\repos\myrpglib\rpgprototype\x64\debug\rpgprototype.tlog\link.9992.read.2.tlog
c:\users\luccas\source\repos\myrpglib\rpgprototype\x64\debug\rpgprototype.tlog\link.9992.write.1.tlog
c:\users\luccas\source\repos\myrpglib\rpgprototype\x64\debug\rpgprototype.tlog\link.command.1.tlog
c:\users\luccas\source\repos\myrpglib\rpgprototype\x64\debug\rpgprototype.tlog\link.read.1.tlog
c:\users\luccas\source\repos\myrpglib\rpgprototype\x64\debug\rpgprototype.tlog\link.read.2.tlog
c:\users\luccas\source\repos\myrpglib\rpgprototype\x64\debug\rpgprototype.tlog\link.secondary.1.tlog
c:\users\luccas\source\repos\myrpglib\rpgprototype\x64\debug\rpgprototype.tlog\link.write.1.tlog
